<persistence xmlns="http://xmlns.jcp.org/xml/ns/persistence"
             xmlns:xsi="http://www.w3.org/2001/XMLSchema-instance"
             xsi:schemaLocation="http://xmlns.jcp.org/xml/ns/persistence
             http://xmlns.jcp.org/xml/ns/persistence/persistence_2_1.xsd"
             version="2.1">

    <persistence-unit name="p6.unit" transaction-type="JTA">
        <jta-data-source>jdbc/arquillian</jta-data-source>
        <properties>
            <!-- HIBERNATE -->
            <property name="hibernate.hbm2ddl.auto" value="create-drop" />
            <property name="hibernate.jdbc.fetch_size" value="30" />
            <property name="hibernate.jdbc.time_zone" value="UTC" />
            <property name="hibernate.show_sql" value="true" />
            <property name="hibernate.format_sql" value="true" />
            <property name="hibernate.jpa.compliance.global_id_generators" value="false" />
        </properties>
    </persistence-unit>
</persistence>
